<?xml version="1.0" encoding="UTF-8"?>
<testng-results ignored="0" total="1" passed="1" failed="0" skipped="0">
  <reporter-output>
  </reporter-output>
  <suite started-at="2022-08-14T09:37:38 IST" name="Default suite" finished-at="2022-08-14T09:37:38 IST" duration-ms="130">
    <groups>
    </groups>
    <test started-at="2022-08-14T09:37:38 IST" name="Default test" finished-at="2022-08-14T09:37:38 IST" duration-ms="130">
      <class name="interview.Countcurlybracesclose">
        <test-method signature="check()[pri:0, instance:interview.Countcurlybracesclose@3cebbb30]" started-at="2022-08-14T09:37:38 IST" name="check" finished-at="2022-08-14T09:37:38 IST" duration-ms="34" status="PASS">
          <reporter-output>
          </reporter-output>
        </test-method> <!-- check -->
      </class> <!-- interview.Countcurlybracesclose -->
    </test> <!-- Default test -->
  </suite> <!-- Default suite -->
</testng-results>
